
Health check failed
TAP version 13
# Using gateway at     http://localhost:4000/graphql
# Fetching tests from  http://localhost:4200/child-type-mismatch/tests
# Subtest: child-type-mismatch
    # Subtest: child-type-mismatch_0
    not ok 1 - child-type-mismatch_0
      ---
      duration_ms: 5.12519
      type: 'test'
      location: '/home/ardatan/Guild/query-planner-rs/audits/node_modules/graphql-federation-gateway-audit/dist/test.js:29:9'
      failureType: 'testCodeFailure'
      error: 'fetch failed'
      code: 'ERR_TEST_FAILURE'
      name: 'TypeError'
      stack: |-
        node:internal/deps/undici/undici:15363:13
        process.processTicksAndRejections (node:internal/process/task_queues:105:5)
        async TestContext.<anonymous> (file:///home/ardatan/Guild/query-planner-rs/audits/node_modules/graphql-federation-gateway-audit/dist/test.js:30:30)
        async Test.run (node:internal/test_runner/test:1069:7)
        async Promise.all (index 0)
        async Suite.run (node:internal/test_runner/test:1466:7)
        async startSubtestAfterBootstrap (node:internal/test_runner/harness:332:3)
      ...
    # Subtest: child-type-mismatch_1
    not ok 2 - child-type-mismatch_1
      ---
      duration_ms: 8.606866
      type: 'test'
      location: '/home/ardatan/Guild/query-planner-rs/audits/node_modules/graphql-federation-gateway-audit/dist/test.js:29:9'
      failureType: 'testCodeFailure'
      error: 'fetch failed'
      code: 'ERR_TEST_FAILURE'
      name: 'TypeError'
      stack: |-
        node:internal/deps/undici/undici:15363:13
        process.processTicksAndRejections (node:internal/process/task_queues:105:5)
        async TestContext.<anonymous> (file:///home/ardatan/Guild/query-planner-rs/audits/node_modules/graphql-federation-gateway-audit/dist/test.js:30:30)
        async Test.run (node:internal/test_runner/test:1069:7)
        async Suite.processPendingSubtests (node:internal/test_runner/test:752:7)
      ...
    # Subtest: child-type-mismatch_2
    not ok 3 - child-type-mismatch_2
      ---
      duration_ms: 10.740503
      type: 'test'
      location: '/home/ardatan/Guild/query-planner-rs/audits/node_modules/graphql-federation-gateway-audit/dist/test.js:29:9'
      failureType: 'testCodeFailure'
      error: 'fetch failed'
      code: 'ERR_TEST_FAILURE'
      name: 'TypeError'
      stack: |-
        node:internal/deps/undici/undici:15363:13
        process.processTicksAndRejections (node:internal/process/task_queues:105:5)
        async TestContext.<anonymous> (file:///home/ardatan/Guild/query-planner-rs/audits/node_modules/graphql-federation-gateway-audit/dist/test.js:30:30)
        async Test.run (node:internal/test_runner/test:1069:7)
        async Suite.processPendingSubtests (node:internal/test_runner/test:752:7)
      ...
    # Subtest: child-type-mismatch_3
    not ok 4 - child-type-mismatch_3
      ---
      duration_ms: 10.921134
      type: 'test'
      location: '/home/ardatan/Guild/query-planner-rs/audits/node_modules/graphql-federation-gateway-audit/dist/test.js:29:9'
      failureType: 'testCodeFailure'
      error: 'fetch failed'
      code: 'ERR_TEST_FAILURE'
      name: 'TypeError'
      stack: |-
        node:internal/deps/undici/undici:15363:13
        process.processTicksAndRejections (node:internal/process/task_queues:105:5)
        async TestContext.<anonymous> (file:///home/ardatan/Guild/query-planner-rs/audits/node_modules/graphql-federation-gateway-audit/dist/test.js:30:30)
        async Test.run (node:internal/test_runner/test:1069:7)
        async Suite.processPendingSubtests (node:internal/test_runner/test:752:7)
      ...
    1..4
not ok 1 - child-type-mismatch
  ---
  duration_ms: 36.375932
  type: 'suite'
  location: '/home/ardatan/Guild/query-planner-rs/audits/node_modules/graphql-federation-gateway-audit/dist/test.js:27:1'
  failureType: 'subtestsFailed'
  error: '4 subtests failed'
  code: 'ERR_TEST_FAILURE'
  ...
1..1
# tests 4
# suites 1
# pass 0
# fail 4
# cancelled 0
# skipped 0
# todo 0
# duration_ms 121.80786
