TAP version 13
# Using gateway at     http://localhost:4000/graphql
# Fetching tests from  http://localhost:4200/corrupted-supergraph-node-id/tests
# Subtest: corrupted-supergraph-node-id
    # Subtest: corrupted-supergraph-node-id_0
    not ok 1 - corrupted-supergraph-node-id_0
      ---
      duration_ms: 19.65479
      type: 'test'
      location: '/home/ardatan/Guild/query-planner-rs/audits/node_modules/graphql-federation-gateway-audit/dist/test.js:29:9'
      failureType: 'testCodeFailure'
      error: |-
        Test failed for query
        
              query {
                node(id: "a1") {
                  id
                }
              }
            
        [32m- Expected[39m
        [31m+ Received[39m
        
        [2m  Object {[22m
        [32m-   "data": null,[39m
        [32m-   "errors": true,[39m
        [31m+   "data": Object {[39m
        [31m+     "node": Object {[39m
        [31m+       "id": "a1",[39m
        [31m+     },[39m
        [31m+   },[39m
        [31m+   "errors": false,[39m
        [2m  }[22m
        [32m+ actual[39m [31m- expected[39m
        
        [39m  {
        [32m+[39m   data: {
        [32m+[39m     node: {
        [32m+[39m       id: 'a1'
        [32m+[39m     }
        [32m+[39m   },
        [32m+[39m   errors: false
        [31m-[39m   data: null,
        [31m-[39m   errors: true
        [39m  }
        
      code: 'ERR_ASSERTION'
      name: 'AssertionError'
      expected:
        data: ~
        errors: true
      actual:
        data:
          node:
            id: 'a1'
        errors: false
      operator: 'deepStrictEqual'
      stack: |-
        TestContext.<anonymous> (file:///home/ardatan/Guild/query-planner-rs/audits/node_modules/graphql-federation-gateway-audit/dist/test.js:45:21)
        process.processTicksAndRejections (node:internal/process/task_queues:105:5)
        async Test.run (node:internal/test_runner/test:1069:7)
        async Promise.all (index 0)
        async Suite.run (node:internal/test_runner/test:1466:7)
        async startSubtestAfterBootstrap (node:internal/test_runner/harness:332:3)
      ...
    # Subtest: corrupted-supergraph-node-id_1
    ok 2 - corrupted-supergraph-node-id_1
      ---
      duration_ms: 10.77098
      type: 'test'
      ...
    # Subtest: corrupted-supergraph-node-id_2
    ok 3 - corrupted-supergraph-node-id_2
      ---
      duration_ms: 19.085878
      type: 'test'
      ...
    # Subtest: corrupted-supergraph-node-id_3
    ok 4 - corrupted-supergraph-node-id_3
      ---
      duration_ms: 11.264775
      type: 'test'
      ...
    # Subtest: corrupted-supergraph-node-id_4
    ok 5 - corrupted-supergraph-node-id_4
      ---
      duration_ms: 11.668872
      type: 'test'
      ...
    # Subtest: corrupted-supergraph-node-id_5
    not ok 6 - corrupted-supergraph-node-id_5
      ---
      duration_ms: 12.281746
      type: 'test'
      location: '/home/ardatan/Guild/query-planner-rs/audits/node_modules/graphql-federation-gateway-audit/dist/test.js:29:9'
      failureType: 'testCodeFailure'
      error: |-
        Test failed for query
        
              query {
                account: node(id: "a1") {
                  id
                  ... on Chat {
                    id
                  }
                }
                chat: node(id: "c1") {
                  __typename
                  ... on Account {
                    id
                  }
                }
              }
            
        [32m- Expected[39m
        [31m+ Received[39m
        
        [2m  Object {[22m
        [32m-   "data": null,[39m
        [32m-   "errors": true,[39m
        [31m+   "data": Object {[39m
        [31m+     "account": Object {[39m
        [31m+       "id": "a1",[39m
        [31m+     },[39m
        [31m+     "chat": Object {[39m
        [31m+       "__typename": "Chat",[39m
        [31m+     },[39m
        [31m+   },[39m
        [31m+   "errors": false,[39m
        [2m  }[22m
        [32m+ actual[39m [31m- expected[39m
        
        [39m  {
        [32m+[39m   data: {
        [32m+[39m     account: {
        [32m+[39m       id: 'a1'
        [32m+[39m     },
        [32m+[39m     chat: {
        [32m+[39m       __typename: 'Chat'
        [32m+[39m     }
        [32m+[39m   },
        [32m+[39m   errors: false
        [31m-[39m   data: null,
        [31m-[39m   errors: true
        [39m  }
        
      code: 'ERR_ASSERTION'
      name: 'AssertionError'
      expected:
        data: ~
        errors: true
      actual:
        data:
          account:
            id: 'a1'
          chat:
            __typename: 'Chat'
        errors: false
      operator: 'deepStrictEqual'
      stack: |-
        TestContext.<anonymous> (file:///home/ardatan/Guild/query-planner-rs/audits/node_modules/graphql-federation-gateway-audit/dist/test.js:45:21)
        process.processTicksAndRejections (node:internal/process/task_queues:105:5)
        async Test.run (node:internal/test_runner/test:1069:7)
        async Suite.processPendingSubtests (node:internal/test_runner/test:752:7)
      ...
    # Subtest: corrupted-supergraph-node-id_6
    ok 7 - corrupted-supergraph-node-id_6
      ---
      duration_ms: 6.450027
      type: 'test'
      ...
    # Subtest: corrupted-supergraph-node-id_7
    ok 8 - corrupted-supergraph-node-id_7
      ---
      duration_ms: 7.059946
      type: 'test'
      ...
    # Subtest: corrupted-supergraph-node-id_8
    ok 9 - corrupted-supergraph-node-id_8
      ---
      duration_ms: 12.472999
      type: 'test'
      ...
    # Subtest: corrupted-supergraph-node-id_9
    ok 10 - corrupted-supergraph-node-id_9
      ---
      duration_ms: 11.942887
      type: 'test'
      ...
    1..10
not ok 1 - corrupted-supergraph-node-id
  ---
  duration_ms: 123.905058
  type: 'suite'
  location: '/home/ardatan/Guild/query-planner-rs/audits/node_modules/graphql-federation-gateway-audit/dist/test.js:27:1'
  failureType: 'subtestsFailed'
  error: '2 subtests failed'
  code: 'ERR_TEST_FAILURE'
  ...
1..1
# tests 10
# suites 1
# pass 8
# fail 2
# cancelled 0
# skipped 0
# todo 0
# duration_ms 201.033359
