TAP version 13
# Using gateway at     http://localhost:4000/graphql
# Fetching tests from  http://localhost:4200/input-object-intersection/tests
# Subtest: input-object-intersection
    # Subtest: input-object-intersection_0
    not ok 1 - input-object-intersection_0
      ---
      duration_ms: 22.282004
      type: 'test'
      location: '/home/ardatan/Guild/query-planner-rs/audits/node_modules/graphql-federation-gateway-audit/dist/test.js:29:9'
      failureType: 'testCodeFailure'
      error: |-
        Test failed for query
        
              query {
                usersInA(filter: { first: 1 }) {
                  id
                }
              }
            
        [32m- Expected[39m
        [31m+ Received[39m
        
        [2m  Object {[22m
        [32m-   "data": Object {[39m
        [32m-     "usersInA": Array [[39m
        [32m-       Object {[39m
        [32m-         "id": "u1",[39m
        [32m-       },[39m
        [32m-       Object {[39m
        [32m-         "id": "u2",[39m
        [32m-       },[39m
        [32m-     ],[39m
        [32m-   },[39m
        [31m+   "data": null,[39m
        [2m    "errors": null,[22m
        [2m  }[22m
        [32m+ actual[39m [31m- expected[39m
        
        [39m  {
        [32m+[39m   data: null,
        [31m-[39m   data: {
        [31m-[39m     usersInA: [
        [31m-[39m       {
        [31m-[39m         id: 'u1'
        [31m-[39m       },
        [31m-[39m       {
        [31m-[39m         id: 'u2'
        [31m-[39m       }
        [31m-[39m     ]
        [31m-[39m   },
        [39m    errors: null
        [39m  }
        
      code: 'ERR_ASSERTION'
      name: 'AssertionError'
      expected:
        data:
          usersInA:
            0:
              id: 'u1'
            1:
              id: 'u2'
        errors: ~
      actual:
        data: ~
        errors: ~
      operator: 'deepStrictEqual'
      stack: |-
        TestContext.<anonymous> (file:///home/ardatan/Guild/query-planner-rs/audits/node_modules/graphql-federation-gateway-audit/dist/test.js:45:21)
        process.processTicksAndRejections (node:internal/process/task_queues:105:5)
        async Test.run (node:internal/test_runner/test:1069:7)
        async Promise.all (index 0)
        async Suite.run (node:internal/test_runner/test:1466:7)
        async startSubtestAfterBootstrap (node:internal/test_runner/harness:332:3)
      ...
    # Subtest: input-object-intersection_1
    ok 2 - input-object-intersection_1
      ---
      duration_ms: 5.737201
      type: 'test'
      ...
    # Subtest: input-object-intersection_2
    ok 3 - input-object-intersection_2
      ---
      duration_ms: 2.35858
      type: 'test'
      ...
    1..3
not ok 1 - input-object-intersection
  ---
  duration_ms: 31.073351
  type: 'suite'
  location: '/home/ardatan/Guild/query-planner-rs/audits/node_modules/graphql-federation-gateway-audit/dist/test.js:27:1'
  failureType: 'subtestsFailed'
  error: '1 subtest failed'
  code: 'ERR_TEST_FAILURE'
  ...
1..1
# tests 3
# suites 1
# pass 2
# fail 1
# cancelled 0
# skipped 0
# todo 0
# duration_ms 133.903707
