TAP version 13
# Using gateway at     http://localhost:4000/graphql
# Fetching tests from  http://localhost:4200/interface-object-with-requires/tests
# Subtest: interface-object-with-requires
    # Subtest: interface-object-with-requires_0
    ok 1 - interface-object-with-requires_0
      ---
      duration_ms: 26.674138
      type: 'test'
      ...
    # Subtest: interface-object-with-requires_1
    not ok 2 - interface-object-with-requires_1
      ---
      duration_ms: 15.977006
      type: 'test'
      location: '/home/ardatan/Guild/query-planner-rs/audits/node_modules/graphql-federation-gateway-audit/dist/test.js:29:9'
      failureType: 'testCodeFailure'
      error: |-
        Test failed for query
        
              query {
                users {
                  id
                  name
                  username
                }
              }
            
        [32m- Expected[39m
        [31m+ Received[39m
        
        [2m  Object {[22m
        [2m    "data": Object {[22m
        [2m      "users": Array [[22m
        [2m        Object {[22m
        [2m          "id": "u1",[22m
        [2m          "name": "u1-name",[22m
        [32m-         "username": "u1-username",[39m
        [31m+         "username": null,[39m
        [2m        },[22m
        [2m        Object {[22m
        [2m          "id": "u2",[22m
        [2m          "name": "u2-name",[22m
        [32m-         "username": "u2-username",[39m
        [31m+         "username": null,[39m
        [2m        },[22m
        [2m      ],[22m
        [2m    },[22m
        [2m    "errors": null,[22m
        [2m  }[22m
        [32m+ actual[39m [31m- expected[39m
        
        [39m  {
        [39m    data: {
        [39m      users: [
        [39m        {
        [39m          id: 'u1',
        [39m          name: 'u1-name',
        [32m+[39m         username: null
        [31m-[39m         username: 'u1-username'
        [39m        },
        [39m        {
        [39m          id: 'u2',
        [39m          name: 'u2-name',
        [32m+[39m         username: null
        [31m-[39m         username: 'u2-username'
        [39m        }
        [39m      ]
        [39m    },
        [39m    errors: null
        [39m  }
        
      code: 'ERR_ASSERTION'
      name: 'AssertionError'
      expected:
        data:
          users:
            0:
              id: 'u1'
              name: 'u1-name'
              username: 'u1-username'
            1:
              id: 'u2'
              name: 'u2-name'
              username: 'u2-username'
        errors: ~
      actual:
        data:
          users:
            0:
              id: 'u1'
              name: 'u1-name'
              username: ~
            1:
              id: 'u2'
              name: 'u2-name'
              username: ~
        errors: ~
      operator: 'deepStrictEqual'
      stack: |-
        TestContext.<anonymous> (file:///home/ardatan/Guild/query-planner-rs/audits/node_modules/graphql-federation-gateway-audit/dist/test.js:45:21)
        process.processTicksAndRejections (node:internal/process/task_queues:105:5)
        async Test.run (node:internal/test_runner/test:1069:7)
        async Suite.processPendingSubtests (node:internal/test_runner/test:752:7)
      ...
    # Subtest: interface-object-with-requires_2
    not ok 3 - interface-object-with-requires_2
      ---
      duration_ms: 7.566092
      type: 'test'
      location: '/home/ardatan/Guild/query-planner-rs/audits/node_modules/graphql-federation-gateway-audit/dist/test.js:29:9'
      failureType: 'testCodeFailure'
      error: |-
        Test failed for query
        
              query {
                anotherUsers {
                  ... on User {
                    age
                  }
                }
              }
            
        [32m- Expected[39m
        [31m+ Received[39m
        
        [2m  Object {[22m
        [2m    "data": Object {[22m
        [2m      "anotherUsers": Array [[22m
        [32m-       Object {[39m
        [32m-         "age": 11,[39m
        [32m-       },[39m
        [32m-       Object {[39m
        [32m-         "age": 22,[39m
        [32m-       },[39m
        [31m+       Object {},[39m
        [31m+       Object {},[39m
        [2m      ],[22m
        [2m    },[22m
        [2m    "errors": null,[22m
        [2m  }[22m
        [32m+ actual[39m [31m- expected[39m
        
        [39m  {
        [39m    data: {
        [39m      anotherUsers: [
        [32m+[39m       {},
        [32m+[39m       {}
        [31m-[39m       {
        [31m-[39m         age: 11
        [31m-[39m       },
        [31m-[39m       {
        [31m-[39m         age: 22
        [31m-[39m       }
        [39m      ]
        [39m    },
        [39m    errors: null
        [39m  }
        
      code: 'ERR_ASSERTION'
      name: 'AssertionError'
      expected:
        data:
          anotherUsers:
            0:
              age: 11
            1:
              age: 22
        errors: ~
      actual:
        data:
          anotherUsers:
            0:
            1:
        errors: ~
      operator: 'deepStrictEqual'
      stack: |-
        TestContext.<anonymous> (file:///home/ardatan/Guild/query-planner-rs/audits/node_modules/graphql-federation-gateway-audit/dist/test.js:45:21)
        process.processTicksAndRejections (node:internal/process/task_queues:105:5)
        async Test.run (node:internal/test_runner/test:1069:7)
        async Suite.processPendingSubtests (node:internal/test_runner/test:752:7)
      ...
    # Subtest: interface-object-with-requires_3
    ok 4 - interface-object-with-requires_3
      ---
      duration_ms: 6.516636
      type: 'test'
      ...
    # Subtest: interface-object-with-requires_4
    not ok 5 - interface-object-with-requires_4
      ---
      duration_ms: 10.744989
      type: 'test'
      location: '/home/ardatan/Guild/query-planner-rs/audits/node_modules/graphql-federation-gateway-audit/dist/test.js:29:9'
      failureType: 'testCodeFailure'
      error: |-
        Test failed for query
        
              query {
                anotherUsers {
                  ... on User {
                    age
                    id
                    name
                    username
                  }
                  id
                  name
                }
              }
            
        [32m- Expected[39m
        [31m+ Received[39m
        
        [2m  Object {[22m
        [2m    "data": Object {[22m
        [2m      "anotherUsers": Array [[22m
        [2m        Object {[22m
        [32m-         "age": 11,[39m
        [2m          "id": "u1",[22m
        [2m          "name": "u1-name",[22m
        [32m-         "username": "u1-username",[39m
        [2m        },[22m
        [2m        Object {[22m
        [32m-         "age": 22,[39m
        [2m          "id": "u2",[22m
        [2m          "name": "u2-name",[22m
        [32m-         "username": "u2-username",[39m
        [2m        },[22m
        [2m      ],[22m
        [2m    },[22m
        [2m    "errors": null,[22m
        [2m  }[22m
        [32m+ actual[39m [31m- expected[39m
        
        [39m  {
        [39m    data: {
        [39m      anotherUsers: [
        [39m        {
        [31m-[39m         age: 11,
        [39m          id: 'u1',
        [39m          name: 'u1-name',
        [31m-[39m         username: 'u1-username'
        [39m        },
        [39m        {
        [31m-[39m         age: 22,
        [39m          id: 'u2',
        [39m          name: 'u2-name',
        [31m-[39m         username: 'u2-username'
        [39m        }
        [39m      ]
        [39m    },
        [39m    errors: null
        [39m  }
        
      code: 'ERR_ASSERTION'
      name: 'AssertionError'
      expected:
        data:
          anotherUsers:
            0:
              age: 11
              id: 'u1'
              name: 'u1-name'
              username: 'u1-username'
            1:
              age: 22
              id: 'u2'
              name: 'u2-name'
              username: 'u2-username'
        errors: ~
      actual:
        data:
          anotherUsers:
            0:
              id: 'u1'
              name: 'u1-name'
            1:
              id: 'u2'
              name: 'u2-name'
        errors: ~
      operator: 'deepStrictEqual'
      stack: |-
        TestContext.<anonymous> (file:///home/ardatan/Guild/query-planner-rs/audits/node_modules/graphql-federation-gateway-audit/dist/test.js:45:21)
        process.processTicksAndRejections (node:internal/process/task_queues:105:5)
        async Test.run (node:internal/test_runner/test:1069:7)
        async Suite.processPendingSubtests (node:internal/test_runner/test:752:7)
      ...
    # Subtest: interface-object-with-requires_5
    not ok 6 - interface-object-with-requires_5
      ---
      duration_ms: 6.141513
      type: 'test'
      location: '/home/ardatan/Guild/query-planner-rs/audits/node_modules/graphql-federation-gateway-audit/dist/test.js:29:9'
      failureType: 'testCodeFailure'
      error: |-
        Test failed for query
        
              query {
                users {
                  ... on User {
                    age
                    id
                    name
                    username
                  }
                  id
                  name
                }
              }
            
        [32m- Expected[39m
        [31m+ Received[39m
        
        [2m  Object {[22m
        [32m-   "data": Object {[39m
        [32m-     "users": Array [[39m
        [32m-       Object {[39m
        [32m-         "age": 11,[39m
        [32m-         "id": "u1",[39m
        [32m-         "name": "u1-name",[39m
        [32m-         "username": "u1-username",[39m
        [32m-       },[39m
        [32m-       Object {[39m
        [32m-         "age": 22,[39m
        [32m-         "id": "u2",[39m
        [32m-         "name": "u2-name",[39m
        [32m-         "username": "u2-username",[39m
        [32m-       },[39m
        [32m-     ],[39m
        [32m-   },[39m
        [31m+   "data": null,[39m
        [2m    "errors": null,[22m
        [2m  }[22m
        [32m+ actual[39m [31m- expected[39m
        
        [39m  {
        [32m+[39m   data: null,
        [31m-[39m   data: {
        [31m-[39m     users: [
        [31m-[39m       {
        [31m-[39m         age: 11,
        [31m-[39m         id: 'u1',
        [31m-[39m         name: 'u1-name',
        [31m-[39m         username: 'u1-username'
        [31m-[39m       },
        [31m-[39m       {
        [31m-[39m         age: 22,
        [31m-[39m         id: 'u2',
        [31m-[39m         name: 'u2-name',
        [31m-[39m         username: 'u2-username'
        [31m-[39m       }
        [31m-[39m     ]
        [31m-[39m   },
        [39m    errors: null
        [39m  }
        
      code: 'ERR_ASSERTION'
      name: 'AssertionError'
      expected:
        data:
          users:
            0:
              age: 11
              id: 'u1'
              name: 'u1-name'
              username: 'u1-username'
            1:
              age: 22
              id: 'u2'
              name: 'u2-name'
              username: 'u2-username'
        errors: ~
      actual:
        data: ~
        errors: ~
      operator: 'deepStrictEqual'
      stack: |-
        TestContext.<anonymous> (file:///home/ardatan/Guild/query-planner-rs/audits/node_modules/graphql-federation-gateway-audit/dist/test.js:45:21)
        process.processTicksAndRejections (node:internal/process/task_queues:105:5)
        async Test.run (node:internal/test_runner/test:1069:7)
        async Suite.processPendingSubtests (node:internal/test_runner/test:752:7)
      ...
    # Subtest: interface-object-with-requires_6
    not ok 7 - interface-object-with-requires_6
      ---
      duration_ms: 4.886127
      type: 'test'
      location: '/home/ardatan/Guild/query-planner-rs/audits/node_modules/graphql-federation-gateway-audit/dist/test.js:29:9'
      failureType: 'testCodeFailure'
      error: |-
        Test failed for query
        
              query {
                users {
                  ... on User {
                    age
                    id
                    name
                    username
                  }
                  id
                  name
                }
              }
            
        [32m- Expected[39m
        [31m+ Received[39m
        
        [2m  Object {[22m
        [32m-   "data": Object {[39m
        [32m-     "users": Array [[39m
        [32m-       Object {[39m
        [32m-         "age": 11,[39m
        [32m-         "id": "u1",[39m
        [32m-         "name": "u1-name",[39m
        [32m-         "username": "u1-username",[39m
        [32m-       },[39m
        [32m-       Object {[39m
        [32m-         "age": 22,[39m
        [32m-         "id": "u2",[39m
        [32m-         "name": "u2-name",[39m
        [32m-         "username": "u2-username",[39m
        [32m-       },[39m
        [32m-     ],[39m
        [32m-   },[39m
        [31m+   "data": null,[39m
        [2m    "errors": null,[22m
        [2m  }[22m
        [32m+ actual[39m [31m- expected[39m
        
        [39m  {
        [32m+[39m   data: null,
        [31m-[39m   data: {
        [31m-[39m     users: [
        [31m-[39m       {
        [31m-[39m         age: 11,
        [31m-[39m         id: 'u1',
        [31m-[39m         name: 'u1-name',
        [31m-[39m         username: 'u1-username'
        [31m-[39m       },
        [31m-[39m       {
        [31m-[39m         age: 22,
        [31m-[39m         id: 'u2',
        [31m-[39m         name: 'u2-name',
        [31m-[39m         username: 'u2-username'
        [31m-[39m       }
        [31m-[39m     ]
        [31m-[39m   },
        [39m    errors: null
        [39m  }
        
      code: 'ERR_ASSERTION'
      name: 'AssertionError'
      expected:
        data:
          users:
            0:
              age: 11
              id: 'u1'
              name: 'u1-name'
              username: 'u1-username'
            1:
              age: 22
              id: 'u2'
              name: 'u2-name'
              username: 'u2-username'
        errors: ~
      actual:
        data: ~
        errors: ~
      operator: 'deepStrictEqual'
      stack: |-
        TestContext.<anonymous> (file:///home/ardatan/Guild/query-planner-rs/audits/node_modules/graphql-federation-gateway-audit/dist/test.js:45:21)
        process.processTicksAndRejections (node:internal/process/task_queues:105:5)
        async Test.run (node:internal/test_runner/test:1069:7)
        async Suite.processPendingSubtests (node:internal/test_runner/test:752:7)
      ...
    1..7
not ok 1 - interface-object-with-requires
  ---
  duration_ms: 79.581709
  type: 'suite'
  location: '/home/ardatan/Guild/query-planner-rs/audits/node_modules/graphql-federation-gateway-audit/dist/test.js:27:1'
  failureType: 'subtestsFailed'
  error: '5 subtests failed'
  code: 'ERR_TEST_FAILURE'
  ...
1..1
# tests 7
# suites 1
# pass 2
# fail 5
# cancelled 0
# skipped 0
# todo 0
# duration_ms 163.279362
