TAP version 13
# Using gateway at     http://localhost:4000/graphql
# Fetching tests from  http://localhost:4200/mutations/tests
# Subtest: mutations
    # Subtest: mutations_0
    not ok 1 - mutations_0
      ---
      duration_ms: 22.152508
      type: 'test'
      location: '/home/ardatan/Guild/query-planner-rs/audits/node_modules/graphql-federation-gateway-audit/dist/test.js:29:9'
      failureType: 'testCodeFailure'
      error: |-
        Test failed for query
        
                mutation {
                  addProduct(input: { name: "new", price: 599.99 }) {
                    name
                    price
                    isExpensive
                    isAvailable
                  }
                }
              
        [32m- Expected[39m
        [31m+ Received[39m
        
        [2m  Object {[22m
        [32m-   "data": Object {[39m
        [32m-     "addProduct": Object {[39m
        [32m-       "isAvailable": true,[39m
        [32m-       "isExpensive": true,[39m
        [32m-       "name": "new",[39m
        [32m-       "price": 599.99,[39m
        [32m-     },[39m
        [32m-   },[39m
        [31m+   "data": null,[39m
        [2m    "errors": null,[22m
        [2m  }[22m
        [32m+ actual[39m [31m- expected[39m
        
        [39m  {
        [32m+[39m   data: null,
        [31m-[39m   data: {
        [31m-[39m     addProduct: {
        [31m-[39m       isAvailable: true,
        [31m-[39m       isExpensive: true,
        [31m-[39m       name: 'new',
        [31m-[39m       price: 599.99
        [31m-[39m     }
        [31m-[39m   },
        [39m    errors: null
        [39m  }
        
      code: 'ERR_ASSERTION'
      name: 'AssertionError'
      expected:
        data:
          addProduct:
            name: 'new'
            price: 599.99
            isExpensive: true
            isAvailable: true
        errors: ~
      actual:
        data: ~
        errors: ~
      operator: 'deepStrictEqual'
      stack: |-
        TestContext.<anonymous> (file:///home/ardatan/Guild/query-planner-rs/audits/node_modules/graphql-federation-gateway-audit/dist/test.js:45:21)
        process.processTicksAndRejections (node:internal/process/task_queues:105:5)
        async Test.run (node:internal/test_runner/test:1069:7)
        async Promise.all (index 0)
        async Suite.run (node:internal/test_runner/test:1466:7)
        async startSubtestAfterBootstrap (node:internal/test_runner/harness:332:3)
      ...
    # Subtest: mutations_1
    ok 2 - mutations_1
      ---
      duration_ms: 19.213325
      type: 'test'
      ...
    # Subtest: mutations_2
    not ok 3 - mutations_2
      ---
      duration_ms: 15.845333
      type: 'test'
      location: '/home/ardatan/Guild/query-planner-rs/audits/node_modules/graphql-federation-gateway-audit/dist/test.js:29:9'
      failureType: 'testCodeFailure'
      error: |-
        Test failed for query
        
              mutation {
                five: add(num: 5, requestId: "9a2edafe091be8")
                ten: multiply(by: 2, requestId: "9a2edafe091be8")
                twelve: add(num: 2, requestId: "9a2edafe091be8")
                final: delete(requestId: "9a2edafe091be8")
              }
            
        [32m- Expected[39m
        [31m+ Received[39m
        
        [2m  Object {[22m
        [32m-   "data": Object {[39m
        [32m-     "final": 12,[39m
        [32m-     "five": 5,[39m
        [32m-     "ten": 10,[39m
        [32m-     "twelve": 12,[39m
        [32m-   },[39m
        [31m+   "data": null,[39m
        [2m    "errors": null,[22m
        [2m  }[22m
        [32m+ actual[39m [31m- expected[39m
        
        [39m  {
        [32m+[39m   data: null,
        [31m-[39m   data: {
        [31m-[39m     final: 12,
        [31m-[39m     five: 5,
        [31m-[39m     ten: 10,
        [31m-[39m     twelve: 12
        [31m-[39m   },
        [39m    errors: null
        [39m  }
        
      code: 'ERR_ASSERTION'
      name: 'AssertionError'
      expected:
        data:
          five: 5
          ten: 10
          twelve: 12
          final: 12
        errors: ~
      actual:
        data: ~
        errors: ~
      operator: 'deepStrictEqual'
      stack: |-
        TestContext.<anonymous> (file:///home/ardatan/Guild/query-planner-rs/audits/node_modules/graphql-federation-gateway-audit/dist/test.js:45:21)
        process.processTicksAndRejections (node:internal/process/task_queues:105:5)
        async Test.run (node:internal/test_runner/test:1069:7)
        async Suite.processPendingSubtests (node:internal/test_runner/test:752:7)
      ...
    1..3
not ok 1 - mutations
  ---
  duration_ms: 58.07028
  type: 'suite'
  location: '/home/ardatan/Guild/query-planner-rs/audits/node_modules/graphql-federation-gateway-audit/dist/test.js:27:1'
  failureType: 'subtestsFailed'
  error: '2 subtests failed'
  code: 'ERR_TEST_FAILURE'
  ...
1..1
# tests 3
# suites 1
# pass 1
# fail 2
# cancelled 0
# skipped 0
# todo 0
# duration_ms 142.16737
