TAP version 13
# Using gateway at     http://localhost:4000/graphql
# Fetching tests from  http://localhost:4200/non-resolvable-interface-object/tests
# Subtest: non-resolvable-interface-object
    # Subtest: non-resolvable-interface-object_0
    ok 1 - non-resolvable-interface-object_0
      ---
      duration_ms: 17.337606
      type: 'test'
      ...
    # Subtest: non-resolvable-interface-object_1
    ok 2 - non-resolvable-interface-object_1
      ---
      duration_ms: 4.368257
      type: 'test'
      ...
    # Subtest: non-resolvable-interface-object_2
    ok 3 - non-resolvable-interface-object_2
      ---
      duration_ms: 7.006315
      type: 'test'
      ...
    # Subtest: non-resolvable-interface-object_3
    ok 4 - non-resolvable-interface-object_3
      ---
      duration_ms: 9.539591
      type: 'test'
      ...
    # Subtest: non-resolvable-interface-object_4
    ok 5 - non-resolvable-interface-object_4
      ---
      duration_ms: 7.131845
      type: 'test'
      ...
    # Subtest: non-resolvable-interface-object_5
    ok 6 - non-resolvable-interface-object_5
      ---
      duration_ms: 2.442158
      type: 'test'
      ...
    # Subtest: non-resolvable-interface-object_6
    not ok 7 - non-resolvable-interface-object_6
      ---
      duration_ms: 9.139798
      type: 'test'
      location: '/home/ardatan/Guild/query-planner-rs/audits/node_modules/graphql-federation-gateway-audit/dist/test.js:29:9'
      failureType: 'testCodeFailure'
      error: |-
        Test failed for query
        
              query {
                product {
                  ... on Bread {
                    id
                  }
                }
              }
            
        [32m- Expected[39m
        [31m+ Received[39m
        
        [2m  Object {[22m
        [2m    "data": Object {[22m
        [32m-     "product": Object {[39m
        [32m-       "id": "p1",[39m
        [32m-     },[39m
        [31m+     "product": Object {},[39m
        [2m    },[22m
        [2m    "errors": null,[22m
        [2m  }[22m
        [32m+ actual[39m [31m- expected[39m
        
        [39m  {
        [39m    data: {
        [32m+[39m     product: {}
        [31m-[39m     product: {
        [31m-[39m       id: 'p1'
        [31m-[39m     }
        [39m    },
        [39m    errors: null
        [39m  }
        
      code: 'ERR_ASSERTION'
      name: 'AssertionError'
      expected:
        data:
          product:
            id: 'p1'
        errors: ~
      actual:
        data:
          product:
        errors: ~
      operator: 'deepStrictEqual'
      stack: |-
        TestContext.<anonymous> (file:///home/ardatan/Guild/query-planner-rs/audits/node_modules/graphql-federation-gateway-audit/dist/test.js:45:21)
        process.processTicksAndRejections (node:internal/process/task_queues:105:5)
        async Test.run (node:internal/test_runner/test:1069:7)
        async Suite.processPendingSubtests (node:internal/test_runner/test:752:7)
      ...
    1..7
not ok 1 - non-resolvable-interface-object
  ---
  duration_ms: 58.394103
  type: 'suite'
  location: '/home/ardatan/Guild/query-planner-rs/audits/node_modules/graphql-federation-gateway-audit/dist/test.js:27:1'
  failureType: 'subtestsFailed'
  error: '1 subtest failed'
  code: 'ERR_TEST_FAILURE'
  ...
1..1
# tests 7
# suites 1
# pass 6
# fail 1
# cancelled 0
# skipped 0
# todo 0
# duration_ms 137.802265
