TAP version 13
# Using gateway at     http://localhost:4000/graphql
# Fetching tests from  http://localhost:4200/override-type-interface/tests
# Subtest: override-type-interface
    # Subtest: override-type-interface_0
    not ok 1 - override-type-interface_0
      ---
      duration_ms: 17.971385
      type: 'test'
      location: '/home/ardatan/Guild/query-planner-rs/audits/node_modules/graphql-federation-gateway-audit/dist/test.js:29:9'
      failureType: 'testCodeFailure'
      error: |-
        Test failed for query
        
              query {
                feed {
                  id
                  createdAt
                }
              }
            
        [32m- Expected[39m
        [31m+ Received[39m
        
        [2m  Object {[22m
        [2m    "data": Object {[22m
        [2m      "feed": Array [[22m
        [2m        Object {[22m
        [32m-         "createdAt": "i1-createdAt",[39m
        [31m+         "createdAt": "NEVER",[39m
        [2m          "id": "i1",[22m
        [2m        },[22m
        [2m        Object {[22m
        [32m-         "createdAt": "i2-createdAt",[39m
        [31m+         "createdAt": "NEVER",[39m
        [2m          "id": "i2",[22m
        [2m        },[22m
        [2m      ],[22m
        [2m    },[22m
        [2m    "errors": null,[22m
        [2m  }[22m
        [32m+ actual[39m [31m- expected[39m
        
        [39m  {
        [39m    data: {
        [39m      feed: [
        [39m        {
        [32m+[39m         createdAt: 'NEVER',
        [31m-[39m         createdAt: 'i1-createdAt',
        [39m          id: 'i1'
        [39m        },
        [39m        {
        [32m+[39m         createdAt: 'NEVER',
        [31m-[39m         createdAt: 'i2-createdAt',
        [39m          id: 'i2'
        [39m        }
        [39m      ]
        [39m    },
        [39m    errors: null
        
      code: 'ERR_ASSERTION'
      name: 'AssertionError'
      expected:
        data:
          feed:
            0:
              id: 'i1'
              createdAt: 'i1-createdAt'
            1:
              id: 'i2'
              createdAt: 'i2-createdAt'
        errors: ~
      actual:
        data:
          feed:
            0:
              id: 'i1'
              createdAt: 'NEVER'
            1:
              id: 'i2'
              createdAt: 'NEVER'
        errors: ~
      operator: 'deepStrictEqual'
      stack: |-
        TestContext.<anonymous> (file:///home/ardatan/Guild/query-planner-rs/audits/node_modules/graphql-federation-gateway-audit/dist/test.js:45:21)
        process.processTicksAndRejections (node:internal/process/task_queues:105:5)
        async Test.run (node:internal/test_runner/test:1069:7)
        async Promise.all (index 0)
        async Suite.run (node:internal/test_runner/test:1466:7)
        async startSubtestAfterBootstrap (node:internal/test_runner/harness:332:3)
      ...
    # Subtest: override-type-interface_1
    ok 2 - override-type-interface_1
      ---
      duration_ms: 8.916953
      type: 'test'
      ...
    # Subtest: override-type-interface_2
    ok 3 - override-type-interface_2
      ---
      duration_ms: 9.414159
      type: 'test'
      ...
    # Subtest: override-type-interface_3
    ok 4 - override-type-interface_3
      ---
      duration_ms: 8.98092
      type: 'test'
      ...
    1..4
not ok 1 - override-type-interface
  ---
  duration_ms: 46.080991
  type: 'suite'
  location: '/home/ardatan/Guild/query-planner-rs/audits/node_modules/graphql-federation-gateway-audit/dist/test.js:27:1'
  failureType: 'subtestsFailed'
  error: '1 subtest failed'
  code: 'ERR_TEST_FAILURE'
  ...
1..1
# tests 4
# suites 1
# pass 3
# fail 1
# cancelled 0
# skipped 0
# todo 0
# duration_ms 129.550488
