
Health check failed
TAP version 13
# Using gateway at     http://localhost:4000/graphql
# Fetching tests from  http://localhost:4200/requires-interface/tests
# Subtest: requires-interface
    # Subtest: requires-interface_0
    not ok 1 - requires-interface_0
      ---
      duration_ms: 4.963094
      type: 'test'
      location: '/home/ardatan/Guild/query-planner-rs/audits/node_modules/graphql-federation-gateway-audit/dist/test.js:29:9'
      failureType: 'testCodeFailure'
      error: 'fetch failed'
      code: 'ERR_TEST_FAILURE'
      name: 'TypeError'
      stack: |-
        node:internal/deps/undici/undici:15363:13
        process.processTicksAndRejections (node:internal/process/task_queues:105:5)
        async TestContext.<anonymous> (file:///home/ardatan/Guild/query-planner-rs/audits/node_modules/graphql-federation-gateway-audit/dist/test.js:30:30)
        async Test.run (node:internal/test_runner/test:1069:7)
        async Promise.all (index 0)
        async Suite.run (node:internal/test_runner/test:1466:7)
        async startSubtestAfterBootstrap (node:internal/test_runner/harness:332:3)
      ...
    # Subtest: requires-interface_1
    not ok 2 - requires-interface_1
      ---
      duration_ms: 8.105749
      type: 'test'
      location: '/home/ardatan/Guild/query-planner-rs/audits/node_modules/graphql-federation-gateway-audit/dist/test.js:29:9'
      failureType: 'testCodeFailure'
      error: 'fetch failed'
      code: 'ERR_TEST_FAILURE'
      name: 'TypeError'
      stack: |-
        node:internal/deps/undici/undici:15363:13
        process.processTicksAndRejections (node:internal/process/task_queues:105:5)
        async TestContext.<anonymous> (file:///home/ardatan/Guild/query-planner-rs/audits/node_modules/graphql-federation-gateway-audit/dist/test.js:30:30)
        async Test.run (node:internal/test_runner/test:1069:7)
        async Suite.processPendingSubtests (node:internal/test_runner/test:752:7)
      ...
    # Subtest: requires-interface_2
    not ok 3 - requires-interface_2
      ---
      duration_ms: 10.284997
      type: 'test'
      location: '/home/ardatan/Guild/query-planner-rs/audits/node_modules/graphql-federation-gateway-audit/dist/test.js:29:9'
      failureType: 'testCodeFailure'
      error: 'fetch failed'
      code: 'ERR_TEST_FAILURE'
      name: 'TypeError'
      stack: |-
        node:internal/deps/undici/undici:15363:13
        process.processTicksAndRejections (node:internal/process/task_queues:105:5)
        async TestContext.<anonymous> (file:///home/ardatan/Guild/query-planner-rs/audits/node_modules/graphql-federation-gateway-audit/dist/test.js:30:30)
        async Test.run (node:internal/test_runner/test:1069:7)
        async Suite.processPendingSubtests (node:internal/test_runner/test:752:7)
      ...
    # Subtest: requires-interface_3
    not ok 4 - requires-interface_3
      ---
      duration_ms: 9.7756
      type: 'test'
      location: '/home/ardatan/Guild/query-planner-rs/audits/node_modules/graphql-federation-gateway-audit/dist/test.js:29:9'
      failureType: 'testCodeFailure'
      error: 'fetch failed'
      code: 'ERR_TEST_FAILURE'
      name: 'TypeError'
      stack: |-
        node:internal/deps/undici/undici:15363:13
        process.processTicksAndRejections (node:internal/process/task_queues:105:5)
        async TestContext.<anonymous> (file:///home/ardatan/Guild/query-planner-rs/audits/node_modules/graphql-federation-gateway-audit/dist/test.js:30:30)
        async Test.run (node:internal/test_runner/test:1069:7)
        async Suite.processPendingSubtests (node:internal/test_runner/test:752:7)
      ...
    # Subtest: requires-interface_4
    not ok 5 - requires-interface_4
      ---
      duration_ms: 10.775604
      type: 'test'
      location: '/home/ardatan/Guild/query-planner-rs/audits/node_modules/graphql-federation-gateway-audit/dist/test.js:29:9'
      failureType: 'testCodeFailure'
      error: 'fetch failed'
      code: 'ERR_TEST_FAILURE'
      name: 'TypeError'
      stack: |-
        node:internal/deps/undici/undici:15363:13
        process.processTicksAndRejections (node:internal/process/task_queues:105:5)
        async TestContext.<anonymous> (file:///home/ardatan/Guild/query-planner-rs/audits/node_modules/graphql-federation-gateway-audit/dist/test.js:30:30)
        async Test.run (node:internal/test_runner/test:1069:7)
        async Suite.processPendingSubtests (node:internal/test_runner/test:752:7)
      ...
    1..5
not ok 1 - requires-interface
  ---
  duration_ms: 45.343858
  type: 'suite'
  location: '/home/ardatan/Guild/query-planner-rs/audits/node_modules/graphql-federation-gateway-audit/dist/test.js:27:1'
  failureType: 'subtestsFailed'
  error: '5 subtests failed'
  code: 'ERR_TEST_FAILURE'
  ...
1..1
# tests 5
# suites 1
# pass 0
# fail 5
# cancelled 0
# skipped 0
# todo 0
# duration_ms 131.489696
