
Health check failed
TAP version 13
# Using gateway at     http://localhost:4000/graphql
# Fetching tests from  http://localhost:4200/requires-with-fragments/tests
# Subtest: requires-with-fragments
    # Subtest: requires-with-fragments_0
    not ok 1 - requires-with-fragments_0
      ---
      duration_ms: 4.801986
      type: 'test'
      location: '/home/ardatan/Guild/query-planner-rs/audits/node_modules/graphql-federation-gateway-audit/dist/test.js:29:9'
      failureType: 'testCodeFailure'
      error: 'fetch failed'
      code: 'ERR_TEST_FAILURE'
      name: 'TypeError'
      stack: |-
        node:internal/deps/undici/undici:15363:13
        process.processTicksAndRejections (node:internal/process/task_queues:105:5)
        async TestContext.<anonymous> (file:///home/ardatan/Guild/query-planner-rs/audits/node_modules/graphql-federation-gateway-audit/dist/test.js:30:30)
        async Test.run (node:internal/test_runner/test:1069:7)
        async Promise.all (index 0)
        async Suite.run (node:internal/test_runner/test:1466:7)
        async startSubtestAfterBootstrap (node:internal/test_runner/harness:332:3)
      ...
    # Subtest: requires-with-fragments_1
    not ok 2 - requires-with-fragments_1
      ---
      duration_ms: 8.685699
      type: 'test'
      location: '/home/ardatan/Guild/query-planner-rs/audits/node_modules/graphql-federation-gateway-audit/dist/test.js:29:9'
      failureType: 'testCodeFailure'
      error: 'fetch failed'
      code: 'ERR_TEST_FAILURE'
      name: 'TypeError'
      stack: |-
        node:internal/deps/undici/undici:15363:13
        process.processTicksAndRejections (node:internal/process/task_queues:105:5)
        async TestContext.<anonymous> (file:///home/ardatan/Guild/query-planner-rs/audits/node_modules/graphql-federation-gateway-audit/dist/test.js:30:30)
        async Test.run (node:internal/test_runner/test:1069:7)
        async Suite.processPendingSubtests (node:internal/test_runner/test:752:7)
      ...
    # Subtest: requires-with-fragments_2
    not ok 3 - requires-with-fragments_2
      ---
      duration_ms: 10.977628
      type: 'test'
      location: '/home/ardatan/Guild/query-planner-rs/audits/node_modules/graphql-federation-gateway-audit/dist/test.js:29:9'
      failureType: 'testCodeFailure'
      error: 'fetch failed'
      code: 'ERR_TEST_FAILURE'
      name: 'TypeError'
      stack: |-
        node:internal/deps/undici/undici:15363:13
        process.processTicksAndRejections (node:internal/process/task_queues:105:5)
        async TestContext.<anonymous> (file:///home/ardatan/Guild/query-planner-rs/audits/node_modules/graphql-federation-gateway-audit/dist/test.js:30:30)
        async Test.run (node:internal/test_runner/test:1069:7)
        async Suite.processPendingSubtests (node:internal/test_runner/test:752:7)
      ...
    # Subtest: requires-with-fragments_3
    not ok 4 - requires-with-fragments_3
      ---
      duration_ms: 9.857596
      type: 'test'
      location: '/home/ardatan/Guild/query-planner-rs/audits/node_modules/graphql-federation-gateway-audit/dist/test.js:29:9'
      failureType: 'testCodeFailure'
      error: 'fetch failed'
      code: 'ERR_TEST_FAILURE'
      name: 'TypeError'
      stack: |-
        node:internal/deps/undici/undici:15363:13
        process.processTicksAndRejections (node:internal/process/task_queues:105:5)
        async TestContext.<anonymous> (file:///home/ardatan/Guild/query-planner-rs/audits/node_modules/graphql-federation-gateway-audit/dist/test.js:30:30)
        async Test.run (node:internal/test_runner/test:1069:7)
        async Suite.processPendingSubtests (node:internal/test_runner/test:752:7)
      ...
    # Subtest: requires-with-fragments_4
    not ok 5 - requires-with-fragments_4
      ---
      duration_ms: 10.050201
      type: 'test'
      location: '/home/ardatan/Guild/query-planner-rs/audits/node_modules/graphql-federation-gateway-audit/dist/test.js:29:9'
      failureType: 'testCodeFailure'
      error: 'fetch failed'
      code: 'ERR_TEST_FAILURE'
      name: 'TypeError'
      stack: |-
        node:internal/deps/undici/undici:15363:13
        process.processTicksAndRejections (node:internal/process/task_queues:105:5)
        async TestContext.<anonymous> (file:///home/ardatan/Guild/query-planner-rs/audits/node_modules/graphql-federation-gateway-audit/dist/test.js:30:30)
        async Test.run (node:internal/test_runner/test:1069:7)
        async Suite.processPendingSubtests (node:internal/test_runner/test:752:7)
      ...
    # Subtest: requires-with-fragments_5
    not ok 6 - requires-with-fragments_5
      ---
      duration_ms: 9.996019
      type: 'test'
      location: '/home/ardatan/Guild/query-planner-rs/audits/node_modules/graphql-federation-gateway-audit/dist/test.js:29:9'
      failureType: 'testCodeFailure'
      error: 'fetch failed'
      code: 'ERR_TEST_FAILURE'
      name: 'TypeError'
      stack: |-
        node:internal/deps/undici/undici:15363:13
        process.processTicksAndRejections (node:internal/process/task_queues:105:5)
        async TestContext.<anonymous> (file:///home/ardatan/Guild/query-planner-rs/audits/node_modules/graphql-federation-gateway-audit/dist/test.js:30:30)
        async Test.run (node:internal/test_runner/test:1069:7)
        async Suite.processPendingSubtests (node:internal/test_runner/test:752:7)
      ...
    1..6
not ok 1 - requires-with-fragments
  ---
  duration_ms: 55.480567
  type: 'suite'
  location: '/home/ardatan/Guild/query-planner-rs/audits/node_modules/graphql-federation-gateway-audit/dist/test.js:27:1'
  failureType: 'subtestsFailed'
  error: '6 subtests failed'
  code: 'ERR_TEST_FAILURE'
  ...
1..1
# tests 6
# suites 1
# pass 0
# fail 6
# cancelled 0
# skipped 0
# todo 0
# duration_ms 142.842321
