TAP version 13
# Using gateway at     http://localhost:4000/graphql
# Fetching tests from  http://localhost:4200/typename/tests
# Subtest: typename
    # Subtest: typename_0
    ok 1 - typename_0
      ---
      duration_ms: 24.52175
      type: 'test'
      ...
    # Subtest: typename_1
    ok 2 - typename_1
      ---
      duration_ms: 9.235996
      type: 'test'
      ...
    # Subtest: typename_2
    ok 3 - typename_2
      ---
      duration_ms: 8.745605
      type: 'test'
      ...
    # Subtest: typename_3
    ok 4 - typename_3
      ---
      duration_ms: 8.112304
      type: 'test'
      ...
    # Subtest: typename_4
    ok 5 - typename_4
      ---
      duration_ms: 9.423116
      type: 'test'
      ...
    # Subtest: typename_5
    not ok 6 - typename_5
      ---
      duration_ms: 10.174064
      type: 'test'
      location: '/home/ardatan/Guild/query-planner-rs/audits/node_modules/graphql-federation-gateway-audit/dist/test.js:29:9'
      failureType: 'testCodeFailure'
      error: |-
        Test failed for query
        
              query {
                users {
                  __typename
                }
              }
            
        [32m- Expected[39m
        [31m+ Received[39m
        
        [2m  Object {[22m
        [2m    "data": Object {[22m
        [2m      "users": Array [[22m
        [2m        Object {[22m
        [32m-         "__typename": "Admin",[39m
        [31m+         "__typename": "User",[39m
        [2m        },[22m
        [2m        Object {[22m
        [32m-         "__typename": "Admin",[39m
        [31m+         "__typename": "User",[39m
        [2m        },[22m
        [2m      ],[22m
        [2m    },[22m
        [2m    "errors": null,[22m
        [2m  }[22m
        [32m+ actual[39m [31m- expected[39m
        
        [39m  {
        [39m    data: {
        [39m      users: [
        [39m        {
        [32m+[39m         __typename: 'User'
        [31m-[39m         __typename: 'Admin'
        [39m        },
        [39m        {
        [32m+[39m         __typename: 'User'
        [31m-[39m         __typename: 'Admin'
        [39m        }
        [39m      ]
        [39m    },
        [39m    errors: null
        [39m  }
        
      code: 'ERR_ASSERTION'
      name: 'AssertionError'
      expected:
        data:
          users:
            0:
              __typename: 'Admin'
            1:
              __typename: 'Admin'
        errors: ~
      actual:
        data:
          users:
            0:
              __typename: 'User'
            1:
              __typename: 'User'
        errors: ~
      operator: 'deepStrictEqual'
      stack: |-
        TestContext.<anonymous> (file:///home/ardatan/Guild/query-planner-rs/audits/node_modules/graphql-federation-gateway-audit/dist/test.js:45:21)
        process.processTicksAndRejections (node:internal/process/task_queues:105:5)
        async Test.run (node:internal/test_runner/test:1069:7)
        async Suite.processPendingSubtests (node:internal/test_runner/test:752:7)
      ...
    1..6
not ok 1 - typename
  ---
  duration_ms: 71.603263
  type: 'suite'
  location: '/home/ardatan/Guild/query-planner-rs/audits/node_modules/graphql-federation-gateway-audit/dist/test.js:27:1'
  failureType: 'subtestsFailed'
  error: '1 subtest failed'
  code: 'ERR_TEST_FAILURE'
  ...
1..1
# tests 6
# suites 1
# pass 5
# fail 1
# cancelled 0
# skipped 0
# todo 0
# duration_ms 151.785553
